E, [2016-10-17T19:26:46.183293 #7267] ERROR -- Kitchen: ------Exception-------
E, [2016-10-17T19:26:46.183386 #7267] ERROR -- Kitchen: Class: Kitchen::UserError
E, [2016-10-17T19:26:46.183414 #7267] ERROR -- Kitchen: Message: Kitchen YAML file /Users/jesseanderson/learn-chef/.kitchen.yml does not exist.
E, [2016-10-17T19:26:46.183436 #7267] ERROR -- Kitchen: ----------------------
E, [2016-10-17T19:26:46.183457 #7267] ERROR -- Kitchen: ------Backtrace-------
E, [2016-10-17T19:26:46.183481 #7267] ERROR -- Kitchen: /Library/Ruby/Gems/2.0.0/gems/test-kitchen-1.13.2/lib/kitchen/loader/yaml.rb:74:in `read'
E, [2016-10-17T19:26:46.183503 #7267] ERROR -- Kitchen: /Library/Ruby/Gems/2.0.0/gems/test-kitchen-1.13.2/lib/kitchen/config.rb:154:in `data'
E, [2016-10-17T19:26:46.183524 #7267] ERROR -- Kitchen: /Library/Ruby/Gems/2.0.0/gems/test-kitchen-1.13.2/lib/kitchen/config.rb:133:in `suites'
E, [2016-10-17T19:26:46.183545 #7267] ERROR -- Kitchen: /Library/Ruby/Gems/2.0.0/gems/test-kitchen-1.13.2/lib/kitchen/config.rb:184:in `filter_instances'
E, [2016-10-17T19:26:46.183566 #7267] ERROR -- Kitchen: /Library/Ruby/Gems/2.0.0/gems/test-kitchen-1.13.2/lib/kitchen/config.rb:143:in `build_instances'
E, [2016-10-17T19:26:46.183587 #7267] ERROR -- Kitchen: /Library/Ruby/Gems/2.0.0/gems/test-kitchen-1.13.2/lib/kitchen/config.rb:119:in `instances'
E, [2016-10-17T19:26:46.183609 #7267] ERROR -- Kitchen: /Library/Ruby/Gems/2.0.0/gems/test-kitchen-1.13.2/lib/kitchen/command.rb:115:in `filtered_instances'
E, [2016-10-17T19:26:46.183630 #7267] ERROR -- Kitchen: /Library/Ruby/Gems/2.0.0/gems/test-kitchen-1.13.2/lib/kitchen/command.rb:145:in `parse_subcommand'
E, [2016-10-17T19:26:46.183651 #7267] ERROR -- Kitchen: /Library/Ruby/Gems/2.0.0/gems/test-kitchen-1.13.2/lib/kitchen/command/list.rb:32:in `call'
E, [2016-10-17T19:26:46.183675 #7267] ERROR -- Kitchen: /Library/Ruby/Gems/2.0.0/gems/test-kitchen-1.13.2/lib/kitchen/cli.rb:56:in `perform'
E, [2016-10-17T19:26:46.183697 #7267] ERROR -- Kitchen: /Library/Ruby/Gems/2.0.0/gems/test-kitchen-1.13.2/lib/kitchen/cli.rb:120:in `list'
E, [2016-10-17T19:26:46.183718 #7267] ERROR -- Kitchen: /Library/Ruby/Gems/2.0.0/gems/thor-0.19.1/lib/thor/command.rb:27:in `run'
E, [2016-10-17T19:26:46.183739 #7267] ERROR -- Kitchen: /Library/Ruby/Gems/2.0.0/gems/thor-0.19.1/lib/thor/invocation.rb:126:in `invoke_command'
E, [2016-10-17T19:26:46.183760 #7267] ERROR -- Kitchen: /Library/Ruby/Gems/2.0.0/gems/test-kitchen-1.13.2/lib/kitchen/cli.rb:334:in `invoke_task'
E, [2016-10-17T19:26:46.183780 #7267] ERROR -- Kitchen: /Library/Ruby/Gems/2.0.0/gems/thor-0.19.1/lib/thor.rb:359:in `dispatch'
E, [2016-10-17T19:26:46.183801 #7267] ERROR -- Kitchen: /Library/Ruby/Gems/2.0.0/gems/thor-0.19.1/lib/thor/base.rb:440:in `start'
E, [2016-10-17T19:26:46.183822 #7267] ERROR -- Kitchen: /Library/Ruby/Gems/2.0.0/gems/test-kitchen-1.13.2/bin/kitchen:13:in `block in <top (required)>'
E, [2016-10-17T19:26:46.183843 #7267] ERROR -- Kitchen: /Library/Ruby/Gems/2.0.0/gems/test-kitchen-1.13.2/lib/kitchen/errors.rb:174:in `with_friendly_errors'
E, [2016-10-17T19:26:46.183868 #7267] ERROR -- Kitchen: /Library/Ruby/Gems/2.0.0/gems/test-kitchen-1.13.2/bin/kitchen:13:in `<top (required)>'
E, [2016-10-17T19:26:46.183889 #7267] ERROR -- Kitchen: /usr/local/bin/kitchen:23:in `load'
E, [2016-10-17T19:26:46.183909 #7267] ERROR -- Kitchen: /usr/local/bin/kitchen:23:in `<main>'
E, [2016-10-17T19:26:46.183929 #7267] ERROR -- Kitchen: ----End Backtrace-----
